-------------------------------------------------------------------------------
Test set: TestSuite
-------------------------------------------------------------------------------
Tests run: 4, Failures: 1, Errors: 0, Skipped: 0, Time elapsed: 60.173 s <<< FAILURE! - in TestSuite
Framework.E2Eproject.ValidateTitle.valTitle  Time elapsed: 0.04 s  <<< FAILURE!
java.lang.AssertionError: expected [FEATURED COSES] but found [FEATURED COURSES]
	at Framework.E2Eproject.ValidateTitle.valTitle(ValidateTitle.java:36)

