<?xml version="1.0" encoding="UTF-8"?>
<testsuite xmlns:xsi="http://www.w3.org/2001/XMLSchema-instance" xsi:noNamespaceSchemaLocation="https://maven.apache.org/surefire/maven-surefire-plugin/xsd/surefire-test-report-3.0.xsd" version="3.0" name="TestSuite" time="60.173" tests="4" errors="0" skipped="0" failures="1">
  <properties>
[...]
</properties>
  <testcase name="loginTest[nonrestricteduser@gmail.com, nonrestrict123, Non restricted user](1)" classname="Framework.E2Eproject.Login" time="19.793">
    <system-out><![CDATA[chrome
09:07:40.295 [main] INFO  Framework.E2Eproject.Login - driver is initiliazed
Starting the test
09:08:00.246 [main] INFO  Framework.E2Eproject.Login - Non restricted user
]]></system-out>
    <system-err><![CDATA[Starting ChromeDriver 90.0.4430.24 (4c6d850f087da467d926e8eddb76550aed655991-refs/branch-heads/4430@{#429}) on port 7638
Only local connections are allowed.
Please see https://chromedriver.chromium.org/security-considerations for suggestions on keeping ChromeDriver safe.
ChromeDriver was started successfully.
Jun 07, 2021 9:07:40 AM org.openqa.selenium.remote.ProtocolHandshake createSession
INFO: Detected dialect: W3C
]]></system-err>
  </testcase>
  <testcase name="loginTest[restricteduser@gmail.com, restrict123, restricted user](2)" classname="Framework.E2Eproject.Login" time="3.898">
    <system-out><![CDATA[Successfully executing the listener code after TC pass
Starting the test
09:08:04.166 [main] INFO  Framework.E2Eproject.Login - restricted user
]]></system-out>
  </testcase>
  <testcase name="valNavBar" classname="Framework.E2Eproject.ValidateTitle" time="0.026">
    <system-out><![CDATA[Successfully executing the listener code after TC pass
chrome
Starting the test
09:08:20.952 [main] INFO  Framework.E2Eproject.Login - Navigation bar is displayed
]]></system-out>
    <system-err><![CDATA[Starting ChromeDriver 90.0.4430.24 (4c6d850f087da467d926e8eddb76550aed655991-refs/branch-heads/4430@{#429}) on port 6466
Only local connections are allowed.
Please see https://chromedriver.chromium.org/security-considerations for suggestions on keeping ChromeDriver safe.
ChromeDriver was started successfully.
Jun 07, 2021 9:08:07 AM org.openqa.selenium.remote.ProtocolHandshake createSession
INFO: Detected dialect: W3C
]]></system-err>
  </testcase>
  <testcase name="valTitle" classname="Framework.E2Eproject.ValidateTitle" time="0.04">
    <failure message="expected [FEATURED COSES] but found [FEATURED COURSES]" type="java.lang.AssertionError"><![CDATA[java.lang.AssertionError: expected [FEATURED COSES] but found [FEATURED COURSES]
	at Framework.E2Eproject.ValidateTitle.valTitle(ValidateTitle.java:36)
]]></failure>
    <system-out><![CDATA[Successfully executing the listener code after TC pass
Starting the test
]]></system-out>
  </testcase>
</testsuite>