<?xml version="1.0" encoding="UTF-8"?>
<!-- Generated by org.testng.reporters.JUnitXMLReporter -->
<testsuite hostname="DESKTOP-RSOHUVE" ignored="0" name="Test" tests="4" failures="0" timestamp="2021-05-06T09:09:19 IST" time="27.06" errors="0">
  <testcase name="loginTest" time="0.448" classname="Framework.E2Eproject.Login"/>
  <testcase name="loginTest" time="0.407" classname="Framework.E2Eproject.Login"/>
  <testcase name="valNavBar" time="0.07" classname="Framework.E2Eproject.ValidateTitle"/>
  <testcase name="valTitle" time="0.038" classname="Framework.E2Eproject.ValidateTitle"/>
</testsuite> <!-- Test -->
