<?xml version="1.0" encoding="UTF-8"?>
<!-- Generated by org.testng.reporters.JUnitXMLReporter -->
<testsuite hostname="DESKTOP-RSOHUVE" ignored="0" name="validating tiltle and nav bar in the page" tests="2" failures="1" timestamp="2021-06-07T09:08:21 IST" time="16.929" errors="0">
  <testcase name="valNavBar" time="0.126" classname="Framework.E2Eproject.ValidateTitle"/>
  <testcase name="valTitle" time="0.038" classname="Framework.E2Eproject.ValidateTitle">
    <failure type="java.lang.AssertionError" message="expected [FEATURED COSES] but found [FEATURED COURSES]">
      <![CDATA[java.lang.AssertionError: expected [FEATURED COSES] but found [FEATURED COURSES]
at Framework.E2Eproject.ValidateTitle.valTitle(ValidateTitle.java:36)
at java.util.ArrayList.forEach(ArrayList.java:1259)
... Removed 37 stack frames]]>
    </failure>
  </testcase> <!-- valTitle -->
</testsuite> <!-- validating tiltle and nav bar in the page -->
